<?xml version="1.0" encoding="UTF-8"?>
<!-- Generated by org.testng.reporters.JUnitXMLReporter -->
<testsuite ignored="0" hostname="DESKTOP-K5FN7OQ" failures="0" tests="4" name="DataProvider" time="0.02" errors="0" timestamp="2023-05-09T14:20:17 BDT">
  <testcase classname="myTestSuite.Day1" name="GroupTest3" time="0.001"/>
  <testcase classname="myTestSuite.Day1" name="Test1" time="0.002"/>
  <testcase classname="myTestSuite.Day1" name="Test1" time="0.001"/>
  <testcase classname="myTestSuite.Day1" name="Test1" time="0.002"/>
</testsuite> <!-- DataProvider -->
