<?xml version="1.0" encoding="UTF-8"?>
<!-- Generated by org.testng.reporters.JUnitXMLReporter -->
<testsuite ignored="1" hostname="DESKTOP-K5FN7OQ" failures="0" tests="4" name="Day3" time="0.032" errors="0" timestamp="2023-05-09T10:09:54 BDT">
  <testcase classname="myTestSuite.Day3" name="MobileTest" time="0.006"/>
  <testcase classname="myTestSuite.Day3" name="LaptopTest" time="0.001"/>
  <testcase classname="myTestSuite.Day3" name="UrlTest" time="0.004"/>
  <testcase classname="myTestSuite.Day3" name="ApiLogin" time="0.003"/>
  <testcase classname="myTestSuite.Day3" name="AutomationTest" time="0.0">
    <ignored/>
  </testcase> <!-- AutomationTest -->
</testsuite> <!-- Day3 -->
