<?xml version="1.0" encoding="UTF-8"?>
<!-- Generated by org.testng.reporters.JUnitXMLReporter -->
<testsuite ignored="2" hostname="DESKTOP-K5FN7OQ" failures="0" tests="2" name="Flight" time="0.006" errors="0" timestamp="2023-05-03T16:13:54 BDT">
  <testcase classname="myTestSuite.NavList" name="hotel" time="0.001"/>
  <testcase classname="myTestSuite.NavList" name="hotelBooking" time="0.001"/>
  <testcase classname="myTestSuite.NavList" name="flight_hotel" time="0.0">
    <ignored/>
  </testcase> <!-- flight_hotel -->
  <testcase classname="myTestSuite.NavList" name="flight" time="0.0">
    <ignored/>
  </testcase> <!-- flight -->
</testsuite> <!-- Flight -->
