<?xml version="1.0" encoding="UTF-8"?>
<!-- Generated by org.testng.reporters.JUnitXMLReporter -->
<testsuite ignored="0" hostname="DESKTOP-K5FN7OQ" failures="0" tests="5" name="My Package" time="100.317" errors="0" timestamp="2023-05-03T16:32:09 BDT">
  <testcase classname="myTestSuite.E2Esearch" name="TestCase1" time="100.253"/>
  <testcase classname="myTestSuite.NavList" name="Flight" time="0.002"/>
  <testcase classname="myTestSuite.NavList" name="Hotel" time="0.001"/>
  <testcase classname="myTestSuite.NavList" name="HotelBooking" time="0.005"/>
  <testcase classname="myTestSuite.NavList" name="Train" time="0.001"/>
</testsuite> <!-- My Package -->
