<?xml version="1.0" encoding="UTF-8"?>
<!-- Generated by org.testng.reporters.JUnitXMLReporter -->
<testsuite ignored="0" hostname="DESKTOP-K5FN7OQ" failures="0" tests="4" name="My Package" time="75.919" errors="0" timestamp="2023-05-03T17:35:59 BDT">
  <testcase classname="myTestSuite.E2Esearch" name="TestCase1" time="75.863"/>
  <testcase classname="myTestSuite.NavList" name="Flight" time="0.001"/>
  <testcase classname="myTestSuite.NavList" name="Hotel" time="0.001"/>
  <testcase classname="myTestSuite.NavList" name="Train" time="0.001"/>
</testsuite> <!-- My Package -->
