<?xml version="1.0" encoding="UTF-8"?>
<!-- Generated by org.testng.reporters.JUnitXMLReporter -->
<testsuite ignored="3" hostname="DESKTOP-K5FN7OQ" failures="0" tests="3" name="Search" time="0.063" errors="0" timestamp="2023-05-05T17:48:37 BDT">
  <testcase classname="myTestSuite.Day1" name="GroupTest3" time="0.007"/>
  <testcase classname="myTestSuite.Day2" name="Train" time="0.001"/>
  <testcase classname="myTestSuite.Day3" name="GroupTest2" time="0.002"/>
  <testcase classname="myTestSuite.Day2" name="Hotel" time="0.0">
    <ignored/>
  </testcase> <!-- Hotel -->
  <testcase classname="myTestSuite.Day3" name="GroupTest1" time="0.0">
    <ignored/>
  </testcase> <!-- GroupTest1 -->
  <testcase classname="myTestSuite.Day1" name="Test1" time="0.0">
    <ignored/>
  </testcase> <!-- Test1 -->
</testsuite> <!-- Search -->
