<?xml version="1.0" encoding="UTF-8"?>
<testng-results ignored="3" total="6" passed="3" failed="0" skipped="0">
  <reporter-output>
  </reporter-output>
  <suite started-at="2023-05-05T17:48:37 BDT" name="Suite" finished-at="2023-05-05T17:48:37 BDT" duration-ms="63">
    <groups>
      <group name="Regression">
        <method signature="Day1.GroupTest3()[pri:0, instance:myTestSuite.Day1@18df8434]" name="GroupTest3" class="myTestSuite.Day1"/>
        <method signature="Day2.Train()[pri:0, instance:myTestSuite.Day2@1a6d8329]" name="Train" class="myTestSuite.Day2"/>
        <method signature="Day3.GroupTest2()[pri:0, instance:myTestSuite.Day3@1a942c18]" name="GroupTest2" class="myTestSuite.Day3"/>
      </group> <!-- Regression -->
    </groups>
    <test started-at="2023-05-05T17:48:37 BDT" name="Search" finished-at="2023-05-05T17:48:37 BDT" duration-ms="63">
      <class name="myTestSuite.Day1">
        <test-method signature="GroupTest3()[pri:0, instance:myTestSuite.Day1@18df8434]" started-at="2023-05-05T17:48:37 BDT" name="GroupTest3" finished-at="2023-05-05T17:48:37 BDT" duration-ms="7" status="PASS">
          <reporter-output>
          </reporter-output>
        </test-method> <!-- GroupTest3 -->
      </class> <!-- myTestSuite.Day1 -->
      <class name="myTestSuite.Day3">
        <test-method signature="GroupTest2()[pri:0, instance:myTestSuite.Day3@1a942c18]" started-at="2023-05-05T17:48:37 BDT" name="GroupTest2" finished-at="2023-05-05T17:48:37 BDT" duration-ms="2" status="PASS">
          <reporter-output>
          </reporter-output>
        </test-method> <!-- GroupTest2 -->
      </class> <!-- myTestSuite.Day3 -->
      <class name="myTestSuite.Day2">
        <test-method signature="Train()[pri:0, instance:myTestSuite.Day2@1a6d8329]" started-at="2023-05-05T17:48:37 BDT" name="Train" finished-at="2023-05-05T17:48:37 BDT" duration-ms="1" status="PASS">
          <reporter-output>
          </reporter-output>
        </test-method> <!-- Train -->
      </class> <!-- myTestSuite.Day2 -->
    </test> <!-- Search -->
  </suite> <!-- Suite -->
</testng-results>
